Analysis & Synthesis report for lab5
Wed Jul 20 13:45:10 2016
Quartus II Version 9.0 Build 132 02/25/2009 SJ Full Version


---------------------
; Table of Contents ;
---------------------
  1. Legal Notice
  2. Analysis & Synthesis Summary
  3. Analysis & Synthesis Settings
  4. Analysis & Synthesis Source Files Read
  5. Analysis & Synthesis Resource Usage Summary
  6. Analysis & Synthesis Resource Utilization by Entity
  7. State Machine - |Lab5|state
  8. Registers Removed During Synthesis
  9. General Register Statistics
 10. Multiplexer Restructuring Statistics (Restructuring Performed)
 11. Port Connectivity Checks: "SevenSegment:D7S6"
 12. Port Connectivity Checks: "SevenSegment:D7S4"
 13. Port Connectivity Checks: "SevenSegment:D7S2"
 14. Port Connectivity Checks: "SevenSegment:D7S0"
 15. Analysis & Synthesis Messages



----------------
; Legal Notice ;
----------------
Copyright (C) 1991-2009 Altera Corporation
Your use of Altera Corporation's design tools, logic functions 
and other software and tools, and its AMPP partner logic 
functions, and any output files from any of the foregoing 
(including device programming or simulation files), and any 
associated documentation or information are expressly subject 
to the terms and conditions of the Altera Program License 
Subscription Agreement, Altera MegaCore Function License 
Agreement, or other applicable license agreement, including, 
without limitation, that your use is for the sole purpose of 
programming logic devices manufactured by Altera and sold by 
Altera or its authorized distributors.  Please refer to the 
applicable agreement for further details.



+-------------------------------------------------------------------------------+
; Analysis & Synthesis Summary                                                  ;
+------------------------------------+------------------------------------------+
; Analysis & Synthesis Status        ; Successful - Wed Jul 20 13:45:10 2016    ;
; Quartus II Version                 ; 9.0 Build 132 02/25/2009 SJ Full Version ;
; Revision Name                      ; lab5                                     ;
; Top-level Entity Name              ; Lab5                                     ;
; Family                             ; Cyclone II                               ;
; Total logic elements               ; 162                                      ;
;     Total combinational functions  ; 162                                      ;
;     Dedicated logic registers      ; 94                                       ;
; Total registers                    ; 94                                       ;
; Total pins                         ; 74                                       ;
; Total virtual pins                 ; 0                                        ;
; Total memory bits                  ; 0                                        ;
; Embedded Multiplier 9-bit elements ; 0                                        ;
; Total PLLs                         ; 0                                        ;
+------------------------------------+------------------------------------------+


+----------------------------------------------------------------------------------------------------------+
; Analysis & Synthesis Settings                                                                            ;
+----------------------------------------------------------------+--------------------+--------------------+
; Option                                                         ; Setting            ; Default Value      ;
+----------------------------------------------------------------+--------------------+--------------------+
; Device                                                         ; EP2C35F672C6       ;                    ;
; Top-level entity name                                          ; lab5               ; lab5               ;
; Family name                                                    ; Cyclone II         ; Stratix II         ;
; Use Generated Physical Constraints File                        ; Off                ;                    ;
; Use smart compilation                                          ; Off                ; Off                ;
; Restructure Multiplexers                                       ; Auto               ; Auto               ;
; Create Debugging Nodes for IP Cores                            ; Off                ; Off                ;
; Preserve fewer node names                                      ; On                 ; On                 ;
; Disable OpenCore Plus hardware evaluation                      ; Off                ; Off                ;
; Verilog Version                                                ; Verilog_2001       ; Verilog_2001       ;
; VHDL Version                                                   ; VHDL93             ; VHDL93             ;
; State Machine Processing                                       ; Auto               ; Auto               ;
; Safe State Machine                                             ; Off                ; Off                ;
; Extract Verilog State Machines                                 ; On                 ; On                 ;
; Extract VHDL State Machines                                    ; On                 ; On                 ;
; Ignore Verilog initial constructs                              ; Off                ; Off                ;
; Iteration limit for constant Verilog loops                     ; 5000               ; 5000               ;
; Iteration limit for non-constant Verilog loops                 ; 250                ; 250                ;
; Add Pass-Through Logic to Inferred RAMs                        ; On                 ; On                 ;
; Parallel Synthesis                                             ; Off                ; Off                ;
; DSP Block Balancing                                            ; Auto               ; Auto               ;
; NOT Gate Push-Back                                             ; On                 ; On                 ;
; Power-Up Don't Care                                            ; On                 ; On                 ;
; Remove Redundant Logic Cells                                   ; Off                ; Off                ;
; Remove Duplicate Registers                                     ; On                 ; On                 ;
; Ignore CARRY Buffers                                           ; Off                ; Off                ;
; Ignore CASCADE Buffers                                         ; Off                ; Off                ;
; Ignore GLOBAL Buffers                                          ; Off                ; Off                ;
; Ignore ROW GLOBAL Buffers                                      ; Off                ; Off                ;
; Ignore LCELL Buffers                                           ; Off                ; Off                ;
; Ignore SOFT Buffers                                            ; On                 ; On                 ;
; Limit AHDL Integers to 32 Bits                                 ; Off                ; Off                ;
; Optimization Technique                                         ; Balanced           ; Balanced           ;
; Carry Chain Length                                             ; 70                 ; 70                 ;
; Auto Carry Chains                                              ; On                 ; On                 ;
; Auto Open-Drain Pins                                           ; On                 ; On                 ;
; Perform WYSIWYG Primitive Resynthesis                          ; Off                ; Off                ;
; Auto ROM Replacement                                           ; On                 ; On                 ;
; Auto RAM Replacement                                           ; On                 ; On                 ;
; Auto Shift Register Replacement                                ; Auto               ; Auto               ;
; Auto Clock Enable Replacement                                  ; On                 ; On                 ;
; Strict RAM Replacement                                         ; Off                ; Off                ;
; Allow Synchronous Control Signals                              ; On                 ; On                 ;
; Force Use of Synchronous Clear Signals                         ; Off                ; Off                ;
; Auto RAM to Logic Cell Conversion                              ; Off                ; Off                ;
; Auto Resource Sharing                                          ; Off                ; Off                ;
; Allow Any RAM Size For Recognition                             ; Off                ; Off                ;
; Allow Any ROM Size For Recognition                             ; Off                ; Off                ;
; Allow Any Shift Register Size For Recognition                  ; Off                ; Off                ;
; Use LogicLock Constraints during Resource Balancing            ; On                 ; On                 ;
; Ignore translate_off and synthesis_off directives              ; Off                ; Off                ;
; Timing-Driven Synthesis                                        ; Off                ; Off                ;
; Show Parameter Settings Tables in Synthesis Report             ; On                 ; On                 ;
; Ignore Maximum Fan-Out Assignments                             ; Off                ; Off                ;
; Synchronization Register Chain Length                          ; 2                  ; 2                  ;
; PowerPlay Power Optimization                                   ; Normal compilation ; Normal compilation ;
; HDL message level                                              ; Level2             ; Level2             ;
; Suppress Register Optimization Related Messages                ; Off                ; Off                ;
; Number of Removed Registers Reported in Synthesis Report       ; 100                ; 100                ;
; Number of Inverted Registers Reported in Synthesis Report      ; 100                ; 100                ;
; Clock MUX Protection                                           ; On                 ; On                 ;
; Auto Gated Clock Conversion                                    ; Off                ; Off                ;
; Block Design Naming                                            ; Auto               ; Auto               ;
; SDC constraint protection                                      ; Off                ; Off                ;
; Synthesis Effort                                               ; Auto               ; Auto               ;
; Allows Asynchronous Clear Usage For Shift Register Replacement ; On                 ; On                 ;
; Analysis & Synthesis Message Level                             ; Medium             ; Medium             ;
+----------------------------------------------------------------+--------------------+--------------------+


+-----------------------------------------------------------------------------------------------------------+
; Analysis & Synthesis Source Files Read                                                                    ;
+----------------------------------+-----------------+-----------------------+------------------------------+
; File Name with User-Entered Path ; Used in Netlist ; File Type             ; File Name with Absolute Path ;
+----------------------------------+-----------------+-----------------------+------------------------------+
; lab5.vhd                         ; yes             ; Auto-Found VHDL File  ; N:/124/lab5/lab5.vhd         ;
+----------------------------------+-----------------+-----------------------+------------------------------+


+--------------------------------------------------------+
; Analysis & Synthesis Resource Usage Summary            ;
+---------------------------------------------+----------+
; Resource                                    ; Usage    ;
+---------------------------------------------+----------+
; Estimated Total logic elements              ; 162      ;
;                                             ;          ;
; Total combinational functions               ; 162      ;
; Logic element usage by number of LUT inputs ;          ;
;     -- 4 input functions                    ; 68       ;
;     -- 3 input functions                    ; 10       ;
;     -- <=2 input functions                  ; 84       ;
;                                             ;          ;
; Logic elements by mode                      ;          ;
;     -- normal mode                          ; 91       ;
;     -- arithmetic mode                      ; 71       ;
;                                             ;          ;
; Total registers                             ; 94       ;
;     -- Dedicated logic registers            ; 94       ;
;     -- I/O registers                        ; 0        ;
;                                             ;          ;
; I/O pins                                    ; 74       ;
; Maximum fan-out node                        ; clock_50 ;
; Maximum fan-out                             ; 50       ;
; Total fan-out                               ; 689      ;
; Average fan-out                             ; 2.09     ;
+---------------------------------------------+----------+


+---------------------------------------------------------------------------------------------------------------------------------------------------------------------------------+
; Analysis & Synthesis Resource Utilization by Entity                                                                                                                             ;
+----------------------------+-------------------+--------------+-------------+--------------+---------+-----------+------+--------------+-------------------------+--------------+
; Compilation Hierarchy Node ; LC Combinationals ; LC Registers ; Memory Bits ; DSP Elements ; DSP 9x9 ; DSP 18x18 ; Pins ; Virtual Pins ; Full Hierarchy Name     ; Library Name ;
+----------------------------+-------------------+--------------+-------------+--------------+---------+-----------+------+--------------+-------------------------+--------------+
; |Lab5                      ; 162 (135)         ; 94 (94)      ; 0           ; 0            ; 0       ; 0         ; 74   ; 0            ; |Lab5                   ; work         ;
;    |SevenSegment:D7S0|     ; 6 (6)             ; 0 (0)        ; 0           ; 0            ; 0       ; 0         ; 0    ; 0            ; |Lab5|SevenSegment:D7S0 ; work         ;
;    |SevenSegment:D7S2|     ; 7 (7)             ; 0 (0)        ; 0           ; 0            ; 0       ; 0         ; 0    ; 0            ; |Lab5|SevenSegment:D7S2 ; work         ;
;    |SevenSegment:D7S4|     ; 7 (7)             ; 0 (0)        ; 0           ; 0            ; 0       ; 0         ; 0    ; 0            ; |Lab5|SevenSegment:D7S4 ; work         ;
;    |SevenSegment:D7S6|     ; 7 (7)             ; 0 (0)        ; 0           ; 0            ; 0       ; 0         ; 0    ; 0            ; |Lab5|SevenSegment:D7S6 ; work         ;
+----------------------------+-------------------+--------------+-------------+--------------+---------+-----------+------+--------------+-------------------------+--------------+
Note: For table entries with two numbers listed, the numbers in parentheses indicate the number of resources of the given type used by the specific entity alone. The numbers listed outside of parentheses indicate the total resources of the given type used by the specific entity and all of its sub-entities in the hierarchy.


Encoding Type:  One-Hot
+--------------------------------------------------------------------------------------------------------+
; State Machine - |Lab5|state                                                                            ;
+--------------+--------------+--------------+--------------+--------------+--------------+--------------+
; Name         ; state.STATE5 ; state.STATE4 ; state.STATE3 ; state.STATE2 ; state.STATE1 ; state.STATE0 ;
+--------------+--------------+--------------+--------------+--------------+--------------+--------------+
; state.STATE0 ; 0            ; 0            ; 0            ; 0            ; 0            ; 0            ;
; state.STATE1 ; 0            ; 0            ; 0            ; 0            ; 1            ; 1            ;
; state.STATE2 ; 0            ; 0            ; 0            ; 1            ; 0            ; 1            ;
; state.STATE3 ; 0            ; 0            ; 1            ; 0            ; 0            ; 1            ;
; state.STATE4 ; 0            ; 1            ; 0            ; 0            ; 0            ; 1            ;
; state.STATE5 ; 1            ; 0            ; 0            ; 0            ; 0            ; 1            ;
+--------------+--------------+--------------+--------------+--------------+--------------+--------------+


+----------------------------------------------------------------------+
; Registers Removed During Synthesis                                   ;
+---------------------------------------+------------------------------+
; Register name                         ; Reason for Removal           ;
+---------------------------------------+------------------------------+
; bin_counter[0]                        ; Merged with mod10_counter[0] ;
; Total Number of Removed Registers = 1 ;                              ;
+---------------------------------------+------------------------------+


+------------------------------------------------------+
; General Register Statistics                          ;
+----------------------------------------------+-------+
; Statistic                                    ; Value ;
+----------------------------------------------+-------+
; Total registers                              ; 94    ;
; Number of registers using Synchronous Clear  ; 0     ;
; Number of registers using Synchronous Load   ; 0     ;
; Number of registers using Asynchronous Clear ; 0     ;
; Number of registers using Asynchronous Load  ; 0     ;
; Number of registers using Clock Enable       ; 0     ;
; Number of registers using Preset             ; 0     ;
+----------------------------------------------+-------+


+------------------------------------------------------------------------------------------------------------------------------------------+
; Multiplexer Restructuring Statistics (Restructuring Performed)                                                                           ;
+--------------------+-----------+---------------+----------------------+------------------------+------------+----------------------------+
; Multiplexer Inputs ; Bus Width ; Baseline Area ; Area if Restructured ; Saving if Restructured ; Registered ; Example Multiplexer Output ;
+--------------------+-----------+---------------+----------------------+------------------------+------------+----------------------------+
; 4:1                ; 4 bits    ; 8 LEs         ; 4 LEs                ; 4 LEs                  ; Yes        ; |Lab5|statecounter[0]      ;
+--------------------+-----------+---------------+----------------------+------------------------+------------+----------------------------+


+-----------------------------------------------+
; Port Connectivity Checks: "SevenSegment:D7S6" ;
+----------+-------+----------+-----------------+
; Port     ; Type  ; Severity ; Details         ;
+----------+-------+----------+-----------------+
; blanking ; Input ; Info     ; Stuck at GND    ;
+----------+-------+----------+-----------------+


+-----------------------------------------------+
; Port Connectivity Checks: "SevenSegment:D7S4" ;
+----------+-------+----------+-----------------+
; Port     ; Type  ; Severity ; Details         ;
+----------+-------+----------+-----------------+
; blanking ; Input ; Info     ; Stuck at GND    ;
+----------+-------+----------+-----------------+


+-----------------------------------------------+
; Port Connectivity Checks: "SevenSegment:D7S2" ;
+----------+-------+----------+-----------------+
; Port     ; Type  ; Severity ; Details         ;
+----------+-------+----------+-----------------+
; blanking ; Input ; Info     ; Stuck at GND    ;
+----------+-------+----------+-----------------+


+-----------------------------------------------+
; Port Connectivity Checks: "SevenSegment:D7S0" ;
+-----------+-------+----------+----------------+
; Port      ; Type  ; Severity ; Details        ;
+-----------+-------+----------+----------------+
; datain[3] ; Input ; Info     ; Stuck at GND   ;
; blanking  ; Input ; Info     ; Stuck at GND   ;
+-----------+-------+----------+----------------+


+-------------------------------+
; Analysis & Synthesis Messages ;
+-------------------------------+
Info: *******************************************************************
Info: Running Quartus II Analysis & Synthesis
    Info: Version 9.0 Build 132 02/25/2009 SJ Full Version
    Info: Processing started: Wed Jul 20 13:45:07 2016
Info: Command: quartus_map --read_settings_files=on --write_settings_files=off lab5 -c lab5
Warning: Using design file lab5.vhd, which is not specified as a design file for the current project, but contains definitions for 4 design units and 2 entities in project
    Info: Found design unit 1: SevenSegment-Behavioral
    Info: Found design unit 2: Lab5-SimpleCircuit
    Info: Found entity 1: SevenSegment
    Info: Found entity 2: Lab5
Info: Elaborating entity "lab5" for the top level hierarchy
Warning (10492): VHDL Process Statement warning at lab5.vhd(130): signal "TenHzModCLK" is read inside the Process Statement but isn't in the Process Statement's sensitivity list
Warning (10492): VHDL Process Statement warning at lab5.vhd(149): signal "statecounter" is read inside the Process Statement but isn't in the Process Statement's sensitivity list
Warning (10492): VHDL Process Statement warning at lab5.vhd(155): signal "statecounter" is read inside the Process Statement but isn't in the Process Statement's sensitivity list
Warning (10492): VHDL Process Statement warning at lab5.vhd(166): signal "TenHzModCLK" is read inside the Process Statement but isn't in the Process Statement's sensitivity list
Warning (10492): VHDL Process Statement warning at lab5.vhd(172): signal "statecounter" is read inside the Process Statement but isn't in the Process Statement's sensitivity list
Warning (10492): VHDL Process Statement warning at lab5.vhd(178): signal "statecounter" is read inside the Process Statement but isn't in the Process Statement's sensitivity list
Warning (10492): VHDL Process Statement warning at lab5.vhd(189): signal "statecounter" is read inside the Process Statement but isn't in the Process Statement's sensitivity list
Warning (10492): VHDL Process Statement warning at lab5.vhd(201): signal "statecounter" is read inside the Process Statement but isn't in the Process Statement's sensitivity list
Warning (10492): VHDL Process Statement warning at lab5.vhd(205): signal "TenHzModCLK" is read inside the Process Statement but isn't in the Process Statement's sensitivity list
Warning (10492): VHDL Process Statement warning at lab5.vhd(212): signal "statecounter" is read inside the Process Statement but isn't in the Process Statement's sensitivity list
Warning (10492): VHDL Process Statement warning at lab5.vhd(218): signal "statecounter" is read inside the Process Statement but isn't in the Process Statement's sensitivity list
Warning (10492): VHDL Process Statement warning at lab5.vhd(229): signal "TenHzModCLK" is read inside the Process Statement but isn't in the Process Statement's sensitivity list
Warning (10492): VHDL Process Statement warning at lab5.vhd(235): signal "statecounter" is read inside the Process Statement but isn't in the Process Statement's sensitivity list
Warning (10492): VHDL Process Statement warning at lab5.vhd(241): signal "statecounter" is read inside the Process Statement but isn't in the Process Statement's sensitivity list
Warning (10492): VHDL Process Statement warning at lab5.vhd(252): signal "statecounter" is read inside the Process Statement but isn't in the Process Statement's sensitivity list
Warning (10492): VHDL Process Statement warning at lab5.vhd(264): signal "statecounter" is read inside the Process Statement but isn't in the Process Statement's sensitivity list
Warning (10492): VHDL Process Statement warning at lab5.vhd(270): signal "TenHzModCLK" is read inside the Process Statement but isn't in the Process Statement's sensitivity list
Warning (10873): Using initial value X (don't care) for net "ledr[17]" at lab5.vhd(65)
Warning (10873): Using initial value X (don't care) for net "ledr[16]" at lab5.vhd(65)
Warning (10873): Using initial value X (don't care) for net "ledr[15]" at lab5.vhd(65)
Warning (10873): Using initial value X (don't care) for net "ledr[14]" at lab5.vhd(65)
Warning (10873): Using initial value X (don't care) for net "ledr[13]" at lab5.vhd(65)
Warning (10873): Using initial value X (don't care) for net "ledr[12]" at lab5.vhd(65)
Warning (10873): Using initial value X (don't care) for net "ledr[10]" at lab5.vhd(65)
Warning (10873): Using initial value X (don't care) for net "ledr[9]" at lab5.vhd(65)
Warning (10873): Using initial value X (don't care) for net "ledr[8]" at lab5.vhd(65)
Warning (10873): Using initial value X (don't care) for net "ledr[7]" at lab5.vhd(65)
Warning (10873): Using initial value X (don't care) for net "ledr[6]" at lab5.vhd(65)
Warning (10873): Using initial value X (don't care) for net "ledr[5]" at lab5.vhd(65)
Warning (10873): Using initial value X (don't care) for net "ledr[4]" at lab5.vhd(65)
Warning (10873): Using initial value X (don't care) for net "ledr[3]" at lab5.vhd(65)
Warning (10873): Using initial value X (don't care) for net "ledr[2]" at lab5.vhd(65)
Warning (10873): Using initial value X (don't care) for net "ledr[1]" at lab5.vhd(65)
Warning (10873): Using initial value X (don't care) for net "ledg[6]" at lab5.vhd(66)
Warning (10873): Using initial value X (don't care) for net "ledg[5]" at lab5.vhd(66)
Warning (10873): Using initial value X (don't care) for net "ledg[4]" at lab5.vhd(66)
Warning (10873): Using initial value X (don't care) for net "ledg[3]" at lab5.vhd(66)
Info: Elaborating entity "SevenSegment" for hierarchy "SevenSegment:D7S0"
Warning: Output pins are stuck at VCC or GND
    Warning (13410): Pin "ledr[1]" is stuck at GND
    Warning (13410): Pin "ledr[2]" is stuck at GND
    Warning (13410): Pin "ledr[3]" is stuck at GND
    Warning (13410): Pin "ledr[4]" is stuck at GND
    Warning (13410): Pin "ledr[5]" is stuck at GND
    Warning (13410): Pin "ledr[6]" is stuck at GND
    Warning (13410): Pin "ledr[7]" is stuck at GND
    Warning (13410): Pin "ledr[8]" is stuck at GND
    Warning (13410): Pin "ledr[9]" is stuck at GND
    Warning (13410): Pin "ledr[10]" is stuck at GND
    Warning (13410): Pin "ledr[12]" is stuck at GND
    Warning (13410): Pin "ledr[13]" is stuck at GND
    Warning (13410): Pin "ledr[14]" is stuck at GND
    Warning (13410): Pin "ledr[15]" is stuck at GND
    Warning (13410): Pin "ledr[16]" is stuck at GND
    Warning (13410): Pin "ledr[17]" is stuck at GND
    Warning (13410): Pin "ledg[3]" is stuck at GND
    Warning (13410): Pin "ledg[4]" is stuck at GND
    Warning (13410): Pin "ledg[5]" is stuck at GND
    Warning (13410): Pin "ledg[6]" is stuck at GND
Warning: Design contains 14 input pin(s) that do not drive logic
    Warning (15610): No output dependent on input pin "sw[0]"
    Warning (15610): No output dependent on input pin "sw[1]"
    Warning (15610): No output dependent on input pin "sw[2]"
    Warning (15610): No output dependent on input pin "sw[3]"
    Warning (15610): No output dependent on input pin "sw[4]"
    Warning (15610): No output dependent on input pin "sw[5]"
    Warning (15610): No output dependent on input pin "sw[6]"
    Warning (15610): No output dependent on input pin "sw[7]"
    Warning (15610): No output dependent on input pin "sw[8]"
    Warning (15610): No output dependent on input pin "sw[9]"
    Warning (15610): No output dependent on input pin "sw[10]"
    Warning (15610): No output dependent on input pin "sw[11]"
    Warning (15610): No output dependent on input pin "sw[12]"
    Warning (15610): No output dependent on input pin "sw[13]"
Info: Implemented 236 device resources after synthesis - the final resource count might be different
    Info: Implemented 19 input pins
    Info: Implemented 55 output pins
    Info: Implemented 162 logic cells
Info: Quartus II Analysis & Synthesis was successful. 0 errors, 74 warnings
    Info: Peak virtual memory: 239 megabytes
    Info: Processing ended: Wed Jul 20 13:45:10 2016
    Info: Elapsed time: 00:00:03
    Info: Total CPU time (on all processors): 00:00:03


