Classic Timing Analyzer report for Lab2
Wed Jun 08 15:34:10 2016
Quartus II Version 9.0 Build 132 02/25/2009 SJ Full Version


---------------------
; Table of Contents ;
---------------------
  1. Legal Notice
  2. Timing Analyzer Summary
  3. Timing Analyzer Settings
  4. Parallel Compilation
  5. tpd
  6. Timing Analyzer Messages



----------------
; Legal Notice ;
----------------
Copyright (C) 1991-2009 Altera Corporation
Your use of Altera Corporation's design tools, logic functions 
and other software and tools, and its AMPP partner logic 
functions, and any output files from any of the foregoing 
(including device programming or simulation files), and any 
associated documentation or information are expressly subject 
to the terms and conditions of the Altera Program License 
Subscription Agreement, Altera MegaCore Function License 
Agreement, or other applicable license agreement, including, 
without limitation, that your use is for the sole purpose of 
programming logic devices manufactured by Altera and sold by 
Altera or its authorized distributors.  Please refer to the 
applicable agreement for further details.



+------------------------------------------------------------------------------------------------------------------------------+
; Timing Analyzer Summary                                                                                                      ;
+------------------------------+-------+---------------+-------------+--------+---------+------------+----------+--------------+
; Type                         ; Slack ; Required Time ; Actual Time ; From   ; To      ; From Clock ; To Clock ; Failed Paths ;
+------------------------------+-------+---------------+-------------+--------+---------+------------+----------+--------------+
; Worst-case tpd               ; N/A   ; None          ; 16.812 ns   ; sw[13] ; hex1[1] ; --         ; --       ; 0            ;
; Total number of failed paths ;       ;               ;             ;        ;         ;            ;          ; 0            ;
+------------------------------+-------+---------------+-------------+--------+---------+------------+----------+--------------+


+--------------------------------------------------------------------------------------------------------------------+
; Timing Analyzer Settings                                                                                           ;
+---------------------------------------------------------------------+--------------------+------+----+-------------+
; Option                                                              ; Setting            ; From ; To ; Entity Name ;
+---------------------------------------------------------------------+--------------------+------+----+-------------+
; Device Name                                                         ; EP2C35F672C6       ;      ;    ;             ;
; Timing Models                                                       ; Final              ;      ;    ;             ;
; Default hold multicycle                                             ; Same as Multicycle ;      ;    ;             ;
; Cut paths between unrelated clock domains                           ; On                 ;      ;    ;             ;
; Cut off read during write signal paths                              ; On                 ;      ;    ;             ;
; Cut off feedback from I/O pins                                      ; On                 ;      ;    ;             ;
; Report Combined Fast/Slow Timing                                    ; Off                ;      ;    ;             ;
; Ignore Clock Settings                                               ; Off                ;      ;    ;             ;
; Analyze latches as synchronous elements                             ; On                 ;      ;    ;             ;
; Enable Recovery/Removal analysis                                    ; Off                ;      ;    ;             ;
; Enable Clock Latency                                                ; Off                ;      ;    ;             ;
; Use TimeQuest Timing Analyzer                                       ; Off                ;      ;    ;             ;
; Minimum Core Junction Temperature                                   ; 0                  ;      ;    ;             ;
; Maximum Core Junction Temperature                                   ; 85                 ;      ;    ;             ;
; Number of source nodes to report per destination node               ; 10                 ;      ;    ;             ;
; Number of destination nodes to report                               ; 10                 ;      ;    ;             ;
; Number of paths to report                                           ; 200                ;      ;    ;             ;
; Report Minimum Timing Checks                                        ; Off                ;      ;    ;             ;
; Use Fast Timing Models                                              ; Off                ;      ;    ;             ;
; Report IO Paths Separately                                          ; Off                ;      ;    ;             ;
; Perform Multicorner Analysis                                        ; On                 ;      ;    ;             ;
; Reports the worst-case path for each clock domain and analysis      ; Off                ;      ;    ;             ;
; Removes common clock path pessimism (CCPP) during slack computation ; Off                ;      ;    ;             ;
; Output I/O Timing Endpoint                                          ; Near End           ;      ;    ;             ;
+---------------------------------------------------------------------+--------------------+------+----+-------------+


+------------------------------------------+
; Parallel Compilation                     ;
+----------------------------+-------------+
; Processors                 ; Number      ;
+----------------------------+-------------+
; Number detected on machine ; 2           ;
; Maximum allowed            ; 2           ;
;                            ;             ;
; Average used               ; 1.00        ;
; Maximum used               ; 1           ;
;                            ;             ;
; Usage by Processor         ; % Time Used ;
;     1 processor            ; 100.0%      ;
;     2 processors           ;   0.0%      ;
+----------------------------+-------------+


+------------------------------------------------------------------------------------------------------------------------------------+
; tpd                                                                                                                                ;
+-----------------------------------------+-----------------------------------------------------+-----------------+--------+---------+
; Slack                                   ; Required P2P Time                                   ; Actual P2P Time ; From   ; To      ;
+-----------------------------------------+-----------------------------------------------------+-----------------+--------+---------+
; N/A                                     ; None                                                ; 16.812 ns       ; sw[13] ; hex1[1] ;
; N/A                                     ; None                                                ; 16.718 ns       ; sw[13] ; hex1[0] ;
; N/A                                     ; None                                                ; 16.676 ns       ; sw[13] ; hex1[6] ;
; N/A                                     ; None                                                ; 16.645 ns       ; sw[13] ; hex1[5] ;
; N/A                                     ; None                                                ; 16.420 ns       ; sw[13] ; hex1[4] ;
; N/A                                     ; None                                                ; 16.407 ns       ; sw[13] ; hex1[2] ;
; N/A                                     ; None                                                ; 16.366 ns       ; sw[13] ; hex1[3] ;
; N/A                                     ; None                                                ; 15.875 ns       ; sw[13] ; ledr[5] ;
; N/A                                     ; None                                                ; 15.651 ns       ; sw[1]  ; hex1[1] ;
; N/A                                     ; None                                                ; 15.557 ns       ; sw[1]  ; hex1[0] ;
; N/A                                     ; None                                                ; 15.515 ns       ; sw[1]  ; hex1[6] ;
; N/A                                     ; None                                                ; 15.506 ns       ; sw[14] ; hex1[1] ;
; N/A                                     ; None                                                ; 15.485 ns       ; sw[17] ; hex1[1] ;
; N/A                                     ; None                                                ; 15.484 ns       ; sw[1]  ; hex1[5] ;
; N/A                                     ; None                                                ; 15.446 ns       ; sw[14] ; hex1[0] ;
; N/A                                     ; None                                                ; 15.391 ns       ; sw[17] ; hex1[0] ;
; N/A                                     ; None                                                ; 15.373 ns       ; sw[14] ; hex1[6] ;
; N/A                                     ; None                                                ; 15.361 ns       ; sw[0]  ; hex1[1] ;
; N/A                                     ; None                                                ; 15.349 ns       ; sw[17] ; hex1[6] ;
; N/A                                     ; None                                                ; 15.344 ns       ; sw[14] ; hex1[5] ;
; N/A                                     ; None                                                ; 15.327 ns       ; sw[2]  ; hex1[1] ;
; N/A                                     ; None                                                ; 15.318 ns       ; sw[17] ; hex1[5] ;
; N/A                                     ; None                                                ; 15.303 ns       ; sw[16] ; hex1[1] ;
; N/A                                     ; None                                                ; 15.267 ns       ; sw[0]  ; hex1[0] ;
; N/A                                     ; None                                                ; 15.259 ns       ; sw[1]  ; hex1[4] ;
; N/A                                     ; None                                                ; 15.246 ns       ; sw[1]  ; hex1[2] ;
; N/A                                     ; None                                                ; 15.233 ns       ; sw[2]  ; hex1[0] ;
; N/A                                     ; None                                                ; 15.225 ns       ; sw[0]  ; hex1[6] ;
; N/A                                     ; None                                                ; 15.209 ns       ; sw[16] ; hex1[0] ;
; N/A                                     ; None                                                ; 15.205 ns       ; sw[1]  ; hex1[3] ;
; N/A                                     ; None                                                ; 15.194 ns       ; sw[0]  ; hex1[5] ;
; N/A                                     ; None                                                ; 15.191 ns       ; sw[2]  ; hex1[6] ;
; N/A                                     ; None                                                ; 15.167 ns       ; sw[16] ; hex1[6] ;
; N/A                                     ; None                                                ; 15.160 ns       ; sw[2]  ; hex1[5] ;
; N/A                                     ; None                                                ; 15.136 ns       ; sw[16] ; hex1[5] ;
; N/A                                     ; None                                                ; 15.121 ns       ; sw[14] ; hex1[4] ;
; N/A                                     ; None                                                ; 15.093 ns       ; sw[17] ; hex1[4] ;
; N/A                                     ; None                                                ; 15.080 ns       ; sw[17] ; hex1[2] ;
; N/A                                     ; None                                                ; 15.078 ns       ; sw[14] ; hex1[2] ;
; N/A                                     ; None                                                ; 15.062 ns       ; sw[14] ; hex1[3] ;
; N/A                                     ; None                                                ; 15.061 ns       ; sw[9]  ; hex1[1] ;
; N/A                                     ; None                                                ; 15.039 ns       ; sw[17] ; hex1[3] ;
; N/A                                     ; None                                                ; 14.969 ns       ; sw[0]  ; hex1[4] ;
; N/A                                     ; None                                                ; 14.967 ns       ; sw[9]  ; hex1[0] ;
; N/A                                     ; None                                                ; 14.956 ns       ; sw[0]  ; hex1[2] ;
; N/A                                     ; None                                                ; 14.935 ns       ; sw[2]  ; hex1[4] ;
; N/A                                     ; None                                                ; 14.925 ns       ; sw[9]  ; hex1[6] ;
; N/A                                     ; None                                                ; 14.922 ns       ; sw[2]  ; hex1[2] ;
; N/A                                     ; None                                                ; 14.915 ns       ; sw[0]  ; hex1[3] ;
; N/A                                     ; None                                                ; 14.911 ns       ; sw[16] ; hex1[4] ;
; N/A                                     ; None                                                ; 14.898 ns       ; sw[16] ; hex1[2] ;
; N/A                                     ; None                                                ; 14.894 ns       ; sw[9]  ; hex1[5] ;
; N/A                                     ; None                                                ; 14.881 ns       ; sw[2]  ; hex1[3] ;
; N/A                                     ; None                                                ; 14.857 ns       ; sw[16] ; hex1[3] ;
; N/A                                     ; None                                                ; 14.841 ns       ; sw[8]  ; hex1[1] ;
; N/A                                     ; None                                                ; 14.747 ns       ; sw[8]  ; hex1[0] ;
; N/A                                     ; None                                                ; 14.736 ns       ; sw[3]  ; hex1[1] ;
; N/A                                     ; None                                                ; 14.714 ns       ; sw[1]  ; ledr[5] ;
; N/A                                     ; None                                                ; 14.705 ns       ; sw[8]  ; hex1[6] ;
; N/A                                     ; None                                                ; 14.674 ns       ; sw[8]  ; hex1[5] ;
; N/A                                     ; None                                                ; 14.669 ns       ; sw[9]  ; hex1[4] ;
; N/A                                     ; None                                                ; 14.656 ns       ; sw[9]  ; hex1[2] ;
; N/A                                     ; None                                                ; 14.642 ns       ; sw[3]  ; hex1[0] ;
; N/A                                     ; None                                                ; 14.619 ns       ; sw[0]  ; ledr[1] ;
; N/A                                     ; None                                                ; 14.615 ns       ; sw[9]  ; hex1[3] ;
; N/A                                     ; None                                                ; 14.600 ns       ; sw[3]  ; hex1[6] ;
; N/A                                     ; None                                                ; 14.594 ns       ; sw[1]  ; ledr[1] ;
; N/A                                     ; None                                                ; 14.585 ns       ; sw[14] ; ledr[7] ;
; N/A                                     ; None                                                ; 14.575 ns       ; sw[4]  ; hex1[1] ;
; N/A                                     ; None                                                ; 14.569 ns       ; sw[3]  ; hex1[5] ;
; N/A                                     ; None                                                ; 14.548 ns       ; sw[17] ; ledr[5] ;
; N/A                                     ; None                                                ; 14.508 ns       ; sw[13] ; ledr[6] ;
; N/A                                     ; None                                                ; 14.490 ns       ; sw[13] ; ledr[7] ;
; N/A                                     ; None                                                ; 14.481 ns       ; sw[4]  ; hex1[0] ;
; N/A                                     ; None                                                ; 14.449 ns       ; sw[8]  ; hex1[4] ;
; N/A                                     ; None                                                ; 14.439 ns       ; sw[4]  ; hex1[6] ;
; N/A                                     ; None                                                ; 14.436 ns       ; sw[8]  ; hex1[2] ;
; N/A                                     ; None                                                ; 14.427 ns       ; sw[15] ; hex1[1] ;
; N/A                                     ; None                                                ; 14.424 ns       ; sw[0]  ; ledr[5] ;
; N/A                                     ; None                                                ; 14.408 ns       ; sw[4]  ; hex1[5] ;
; N/A                                     ; None                                                ; 14.395 ns       ; sw[8]  ; hex1[3] ;
; N/A                                     ; None                                                ; 14.390 ns       ; sw[2]  ; ledr[5] ;
; N/A                                     ; None                                                ; 14.376 ns       ; sw[5]  ; hex1[1] ;
; N/A                                     ; None                                                ; 14.376 ns       ; sw[1]  ; ledr[3] ;
; N/A                                     ; None                                                ; 14.367 ns       ; sw[15] ; hex1[0] ;
; N/A                                     ; None                                                ; 14.366 ns       ; sw[16] ; ledr[5] ;
; N/A                                     ; None                                                ; 14.344 ns       ; sw[3]  ; hex1[4] ;
; N/A                                     ; None                                                ; 14.331 ns       ; sw[3]  ; hex1[2] ;
; N/A                                     ; None                                                ; 14.294 ns       ; sw[15] ; hex1[6] ;
; N/A                                     ; None                                                ; 14.291 ns       ; sw[14] ; ledr[6] ;
; N/A                                     ; None                                                ; 14.290 ns       ; sw[3]  ; hex1[3] ;
; N/A                                     ; None                                                ; 14.282 ns       ; sw[5]  ; hex1[0] ;
; N/A                                     ; None                                                ; 14.268 ns       ; sw[15] ; hex1[5] ;
; N/A                                     ; None                                                ; 14.240 ns       ; sw[5]  ; hex1[6] ;
; N/A                                     ; None                                                ; 14.209 ns       ; sw[5]  ; hex1[5] ;
; N/A                                     ; None                                                ; 14.183 ns       ; sw[4]  ; hex1[4] ;
; N/A                                     ; None                                                ; 14.170 ns       ; sw[4]  ; hex1[2] ;
; N/A                                     ; None                                                ; 14.129 ns       ; sw[4]  ; hex1[3] ;
; N/A                                     ; None                                                ; 14.124 ns       ; sw[9]  ; ledr[5] ;
; N/A                                     ; None                                                ; 14.099 ns       ; sw[8]  ; ledr[1] ;
; N/A                                     ; None                                                ; 14.086 ns       ; sw[0]  ; ledr[3] ;
; N/A                                     ; None                                                ; 14.052 ns       ; sw[2]  ; ledr[3] ;
; N/A                                     ; None                                                ; 14.044 ns       ; sw[17] ; ledr[1] ;
; N/A                                     ; None                                                ; 14.043 ns       ; sw[15] ; hex1[4] ;
; N/A                                     ; None                                                ; 14.026 ns       ; sw[15] ; hex1[2] ;
; N/A                                     ; None                                                ; 14.003 ns       ; sw[9]  ; ledr[1] ;
; N/A                                     ; None                                                ; 13.984 ns       ; sw[5]  ; hex1[4] ;
; N/A                                     ; None                                                ; 13.982 ns       ; sw[15] ; hex1[3] ;
; N/A                                     ; None                                                ; 13.971 ns       ; sw[5]  ; hex1[2] ;
; N/A                                     ; None                                                ; 13.930 ns       ; sw[5]  ; hex1[3] ;
; N/A                                     ; None                                                ; 13.904 ns       ; sw[8]  ; ledr[5] ;
; N/A                                     ; None                                                ; 13.806 ns       ; sw[14] ; hex2[2] ;
; N/A                                     ; None                                                ; 13.799 ns       ; sw[3]  ; ledr[5] ;
; N/A                                     ; None                                                ; 13.786 ns       ; sw[9]  ; ledr[3] ;
; N/A                                     ; None                                                ; 13.780 ns       ; sw[16] ; ledr[1] ;
; N/A                                     ; None                                                ; 13.766 ns       ; sw[14] ; hex2[1] ;
; N/A                                     ; None                                                ; 13.757 ns       ; sw[15] ; ledr[7] ;
; N/A                                     ; None                                                ; 13.711 ns       ; sw[13] ; hex2[2] ;
; N/A                                     ; None                                                ; 13.671 ns       ; sw[13] ; hex2[1] ;
; N/A                                     ; None                                                ; 13.646 ns       ; sw[14] ; ledr[8] ;
; N/A                                     ; None                                                ; 13.638 ns       ; sw[4]  ; ledr[5] ;
; N/A                                     ; None                                                ; 13.623 ns       ; sw[17] ; ledr[7] ;
; N/A                                     ; None                                                ; 13.566 ns       ; sw[8]  ; ledr[3] ;
; N/A                                     ; None                                                ; 13.551 ns       ; sw[13] ; ledr[8] ;
; N/A                                     ; None                                                ; 13.451 ns       ; sw[16] ; ledr[3] ;
; N/A                                     ; None                                                ; 13.439 ns       ; sw[5]  ; ledr[5] ;
; N/A                                     ; None                                                ; 13.403 ns       ; sw[1]  ; ledr[2] ;
; N/A                                     ; None                                                ; 13.304 ns       ; sw[17] ; ledr[3] ;
; N/A                                     ; None                                                ; 13.294 ns       ; sw[15] ; hex2[2] ;
; N/A                                     ; None                                                ; 13.254 ns       ; sw[15] ; hex2[1] ;
; N/A                                     ; None                                                ; 13.203 ns       ; sw[12] ; hex1[1] ;
; N/A                                     ; None                                                ; 13.202 ns       ; sw[16] ; ledr[7] ;
; N/A                                     ; None                                                ; 13.196 ns       ; sw[1]  ; hex0[0] ;
; N/A                                     ; None                                                ; 13.145 ns       ; sw[3]  ; ledr[3] ;
; N/A                                     ; None                                                ; 13.134 ns       ; sw[15] ; ledr[8] ;
; N/A                                     ; None                                                ; 13.118 ns       ; sw[10] ; hex1[1] ;
; N/A                                     ; None                                                ; 13.114 ns       ; sw[17] ; ledr[4] ;
; N/A                                     ; None                                                ; 13.113 ns       ; sw[0]  ; ledr[2] ;
; N/A                                     ; None                                                ; 13.109 ns       ; sw[12] ; hex1[0] ;
; N/A                                     ; None                                                ; 13.099 ns       ; sw[1]  ; hex0[2] ;
; N/A                                     ; None                                                ; 13.090 ns       ; sw[1]  ; hex0[1] ;
; N/A                                     ; None                                                ; 13.079 ns       ; sw[11] ; hex1[1] ;
; N/A                                     ; None                                                ; 13.067 ns       ; sw[12] ; hex1[6] ;
; N/A                                     ; None                                                ; 13.036 ns       ; sw[12] ; hex1[5] ;
; N/A                                     ; None                                                ; 13.032 ns       ; sw[1]  ; ledr[6] ;
; N/A                                     ; None                                                ; 13.030 ns       ; sw[0]  ; hex0[0] ;
; N/A                                     ; None                                                ; 13.024 ns       ; sw[10] ; hex1[0] ;
; N/A                                     ; None                                                ; 13.014 ns       ; sw[1]  ; ledr[7] ;
; N/A                                     ; None                                                ; 12.985 ns       ; sw[11] ; hex1[0] ;
; N/A                                     ; None                                                ; 12.982 ns       ; sw[10] ; hex1[6] ;
; N/A                                     ; None                                                ; 12.951 ns       ; sw[10] ; hex1[5] ;
; N/A                                     ; None                                                ; 12.943 ns       ; sw[11] ; hex1[6] ;
; N/A                                     ; None                                                ; 12.933 ns       ; sw[0]  ; hex0[2] ;
; N/A                                     ; None                                                ; 12.933 ns       ; sw[16] ; ledr[4] ;
; N/A                                     ; None                                                ; 12.927 ns       ; sw[0]  ; hex0[1] ;
; N/A                                     ; None                                                ; 12.912 ns       ; sw[11] ; hex1[5] ;
; N/A                                     ; None                                                ; 12.881 ns       ; sw[1]  ; hex0[3] ;
; N/A                                     ; None                                                ; 12.876 ns       ; sw[1]  ; hex0[4] ;
; N/A                                     ; None                                                ; 12.872 ns       ; sw[1]  ; hex0[5] ;
; N/A                                     ; None                                                ; 12.872 ns       ; sw[2]  ; hex0[0] ;
; N/A                                     ; None                                                ; 12.867 ns       ; sw[1]  ; hex0[6] ;
; N/A                                     ; None                                                ; 12.845 ns       ; sw[1]  ; ledr[4] ;
; N/A                                     ; None                                                ; 12.833 ns       ; sw[16] ; ledr[6] ;
; N/A                                     ; None                                                ; 12.826 ns       ; sw[17] ; ledr[2] ;
; N/A                                     ; None                                                ; 12.813 ns       ; sw[9]  ; ledr[2] ;
; N/A                                     ; None                                                ; 12.811 ns       ; sw[12] ; hex1[4] ;
; N/A                                     ; None                                                ; 12.798 ns       ; sw[12] ; hex1[2] ;
; N/A                                     ; None                                                ; 12.775 ns       ; sw[2]  ; hex0[2] ;
; N/A                                     ; None                                                ; 12.767 ns       ; sw[2]  ; ledr[2] ;
; N/A                                     ; None                                                ; 12.766 ns       ; sw[2]  ; hex0[1] ;
; N/A                                     ; None                                                ; 12.757 ns       ; sw[12] ; hex1[3] ;
; N/A                                     ; None                                                ; 12.742 ns       ; sw[0]  ; ledr[6] ;
; N/A                                     ; None                                                ; 12.726 ns       ; sw[10] ; hex1[4] ;
; N/A                                     ; None                                                ; 12.724 ns       ; sw[0]  ; ledr[7] ;
; N/A                                     ; None                                                ; 12.715 ns       ; sw[0]  ; hex0[3] ;
; N/A                                     ; None                                                ; 12.713 ns       ; sw[10] ; hex1[2] ;
; N/A                                     ; None                                                ; 12.710 ns       ; sw[0]  ; hex0[4] ;
; N/A                                     ; None                                                ; 12.708 ns       ; sw[2]  ; ledr[6] ;
; N/A                                     ; None                                                ; 12.705 ns       ; sw[0]  ; hex0[5] ;
; N/A                                     ; None                                                ; 12.704 ns       ; sw[0]  ; hex0[6] ;
; N/A                                     ; None                                                ; 12.690 ns       ; sw[2]  ; ledr[7] ;
; N/A                                     ; None                                                ; 12.687 ns       ; sw[11] ; hex1[4] ;
; N/A                                     ; None                                                ; 12.674 ns       ; sw[11] ; hex1[2] ;
; N/A                                     ; None                                                ; 12.672 ns       ; sw[10] ; hex1[3] ;
; N/A                                     ; None                                                ; 12.668 ns       ; sw[17] ; ledr[6] ;
; N/A                                     ; None                                                ; 12.633 ns       ; sw[11] ; hex1[3] ;
; N/A                                     ; None                                                ; 12.606 ns       ; sw[9]  ; hex0[0] ;
; N/A                                     ; None                                                ; 12.593 ns       ; sw[8]  ; ledr[2] ;
; N/A                                     ; None                                                ; 12.565 ns       ; sw[17] ; hex0[0] ;
; N/A                                     ; None                                                ; 12.560 ns       ; sw[16] ; ledr[2] ;
; N/A                                     ; None                                                ; 12.557 ns       ; sw[2]  ; hex0[3] ;
; N/A                                     ; None                                                ; 12.555 ns       ; sw[0]  ; ledr[4] ;
; N/A                                     ; None                                                ; 12.552 ns       ; sw[2]  ; hex0[4] ;
; N/A                                     ; None                                                ; 12.548 ns       ; sw[2]  ; hex0[5] ;
; N/A                                     ; None                                                ; 12.543 ns       ; sw[2]  ; hex0[6] ;
; N/A                                     ; None                                                ; 12.521 ns       ; sw[2]  ; ledr[4] ;
; N/A                                     ; None                                                ; 12.510 ns       ; sw[8]  ; hex0[0] ;
; N/A                                     ; None                                                ; 12.509 ns       ; sw[9]  ; hex0[2] ;
; N/A                                     ; None                                                ; 12.509 ns       ; sw[16] ; ledr[0] ;
; N/A                                     ; None                                                ; 12.500 ns       ; sw[9]  ; hex0[1] ;
; Timing analysis restricted to 200 rows. ; To change the limit use Settings (Assignments menu) ;                 ;        ;         ;
+-----------------------------------------+-----------------------------------------------------+-----------------+--------+---------+


+--------------------------+
; Timing Analyzer Messages ;
+--------------------------+
Info: *******************************************************************
Info: Running Quartus II Classic Timing Analyzer
    Info: Version 9.0 Build 132 02/25/2009 SJ Full Version
    Info: Processing started: Wed Jun 08 15:34:09 2016
Info: Command: quartus_tan --read_settings_files=off --write_settings_files=off Lab2 -c Lab2 --timing_analysis_only
Info: Parallel compilation is enabled and will use 2 of the 2 processors detected
Info: Longest tpd from source pin "sw[13]" to destination pin "hex1[1]" is 16.812 ns
    Info: 1: + IC(0.000 ns) + CELL(0.832 ns) = 0.832 ns; Loc. = PIN_T7; Fanout = 10; PIN Node = 'sw[13]'
    Info: 2: + IC(5.122 ns) + CELL(0.438 ns) = 6.392 ns; Loc. = LCCOMB_X1_Y16_N16; Fanout = 1; COMB Node = 'Add0~10'
    Info: 3: + IC(0.737 ns) + CELL(0.419 ns) = 7.548 ns; Loc. = LCCOMB_X1_Y15_N0; Fanout = 1; COMB Node = 'Mux3~0'
    Info: 4: + IC(0.257 ns) + CELL(0.420 ns) = 8.225 ns; Loc. = LCCOMB_X1_Y15_N10; Fanout = 8; COMB Node = 'Mux3~1'
    Info: 5: + IC(4.690 ns) + CELL(0.420 ns) = 13.335 ns; Loc. = LCCOMB_X64_Y4_N26; Fanout = 1; COMB Node = 'SevenSegment:D7SH1|Mux5~0'
    Info: 6: + IC(0.688 ns) + CELL(2.789 ns) = 16.812 ns; Loc. = PIN_V21; Fanout = 0; PIN Node = 'hex1[1]'
    Info: Total cell delay = 5.318 ns ( 31.63 % )
    Info: Total interconnect delay = 11.494 ns ( 68.37 % )
Info: Quartus II Classic Timing Analyzer was successful. 0 errors, 0 warnings
    Info: Peak virtual memory: 182 megabytes
    Info: Processing ended: Wed Jun 08 15:34:10 2016
    Info: Elapsed time: 00:00:01
    Info: Total CPU time (on all processors): 00:00:00


